<?xml version="1.0" encoding="UTF-8"?>
<coverage generated="1573795788669" clover="3.2.0">
  <project timestamp="1573795788669" name="All files">
    <metrics statements="123" coveredstatements="81" conditionals="24" coveredconditionals="15" methods="43" coveredmethods="19" elements="190" coveredelements="115" complexity="0" loc="123" ncloc="123" packages="2" files="9" classes="9"/>
    <package name="components">
      <metrics statements="121" coveredstatements="79" conditionals="24" coveredconditionals="15" methods="43" coveredmethods="19"/>
      <file name="App.js" path="/Users/mihir/Documents/School/Interaction Design/front-end-development-mihirsamdarshi/src/components/App.js">
        <metrics statements="7" coveredstatements="7" conditionals="4" coveredconditionals="4" methods="2" coveredmethods="2"/>
        <line num="11" count="1" type="stmt"/>
        <line num="12" count="6" type="stmt"/>
        <line num="14" count="6" type="stmt"/>
        <line num="15" count="4" type="stmt"/>
        <line num="16" count="4" type="cond" truecount="2" falsecount="0"/>
        <line num="17" count="3" type="stmt"/>
        <line num="21" count="6" type="stmt"/>
      </file>
      <file name="AppHeader.js" path="/Users/mihir/Documents/School/Interaction Design/front-end-development-mihirsamdarshi/src/components/AppHeader.js">
        <metrics statements="3" coveredstatements="3" conditionals="0" coveredconditionals="0" methods="1" coveredmethods="1"/>
        <line num="7" count="2" type="stmt"/>
        <line num="8" count="8" type="stmt"/>
        <line num="12" count="8" type="stmt"/>
      </file>
      <file name="Hero.js" path="/Users/mihir/Documents/School/Interaction Design/front-end-development-mihirsamdarshi/src/components/Hero.js">
        <metrics statements="6" coveredstatements="6" conditionals="0" coveredconditionals="0" methods="1" coveredmethods="1"/>
        <line num="4" count="2" type="stmt"/>
        <line num="5" count="2" type="stmt"/>
        <line num="6" count="2" type="stmt"/>
        <line num="7" count="2" type="stmt"/>
        <line num="15" count="2" type="stmt"/>
        <line num="16" count="10" type="stmt"/>
      </file>
      <file name="MainAppBody.js" path="/Users/mihir/Documents/School/Interaction Design/front-end-development-mihirsamdarshi/src/components/MainAppBody.js">
        <metrics statements="76" coveredstatements="40" conditionals="16" coveredconditionals="9" methods="26" coveredmethods="7"/>
        <line num="16" count="2" type="stmt"/>
        <line num="17" count="33" type="stmt"/>
        <line num="19" count="33" type="stmt"/>
        <line num="24" count="33" type="stmt"/>
        <line num="27" count="33" type="stmt"/>
        <line num="29" count="33" type="stmt"/>
        <line num="30" count="2" type="stmt"/>
        <line num="33" count="33" type="stmt"/>
        <line num="34" count="0" type="stmt"/>
        <line num="37" count="33" type="stmt"/>
        <line num="38" count="0" type="stmt"/>
        <line num="41" count="33" type="stmt"/>
        <line num="42" count="0" type="stmt"/>
        <line num="43" count="0" type="stmt"/>
        <line num="46" count="33" type="stmt"/>
        <line num="47" count="0" type="stmt"/>
        <line num="48" count="0" type="stmt"/>
        <line num="49" count="0" type="stmt"/>
        <line num="51" count="0" type="stmt"/>
        <line num="55" count="0" type="stmt"/>
        <line num="56" count="0" type="stmt"/>
        <line num="57" count="0" type="stmt"/>
        <line num="58" count="0" type="stmt"/>
        <line num="61" count="0" type="stmt"/>
        <line num="64" count="0" type="stmt"/>
        <line num="65" count="0" type="stmt"/>
        <line num="66" count="0" type="stmt"/>
        <line num="67" count="0" type="stmt"/>
        <line num="71" count="0" type="stmt"/>
        <line num="72" count="0" type="stmt"/>
        <line num="76" count="0" type="stmt"/>
        <line num="81" count="33" type="stmt"/>
        <line num="82" count="33" type="stmt"/>
        <line num="83" count="33" type="stmt"/>
        <line num="84" count="33" type="stmt"/>
        <line num="85" count="33" type="stmt"/>
        <line num="86" count="33" type="stmt"/>
        <line num="87" count="33" type="stmt"/>
        <line num="89" count="33" type="stmt"/>
        <line num="90" count="11" type="stmt"/>
        <line num="91" count="11" type="stmt"/>
        <line num="92" count="11" type="stmt"/>
        <line num="93" count="11" type="stmt"/>
        <line num="94" count="11" type="stmt"/>
        <line num="96" count="0" type="stmt"/>
        <line num="100" count="33" type="stmt"/>
        <line num="101" count="0" type="stmt"/>
        <line num="102" count="0" type="stmt"/>
        <line num="103" count="0" type="stmt"/>
        <line num="104" count="0" type="stmt"/>
        <line num="105" count="0" type="stmt"/>
        <line num="107" count="0" type="stmt"/>
        <line num="111" count="33" type="stmt"/>
        <line num="112" count="0" type="stmt"/>
        <line num="114" count="0" type="stmt"/>
        <line num="115" count="0" type="stmt"/>
        <line num="119" count="33" type="stmt"/>
        <line num="120" count="33" type="stmt"/>
        <line num="127" count="33" type="stmt"/>
        <line num="128" count="0" type="stmt"/>
        <line num="135" count="33" type="stmt"/>
        <line num="136" count="11" type="stmt"/>
        <line num="145" count="33" type="stmt"/>
        <line num="146" count="0" type="stmt"/>
        <line num="153" count="33" type="stmt"/>
        <line num="154" count="0" type="stmt"/>
        <line num="160" count="33" type="stmt"/>
        <line num="161" count="11" type="stmt"/>
        <line num="164" count="33" type="stmt"/>
        <line num="165" count="11" type="stmt"/>
        <line num="166" count="0" type="stmt"/>
        <line num="171" count="33" type="stmt"/>
        <line num="172" count="0" type="cond" truecount="0" falsecount="4"/>
        <line num="173" count="0" type="stmt"/>
        <line num="178" count="33" type="stmt"/>
        <line num="182" count="33" type="stmt"/>
      </file>
      <file name="NowPlaying.js" path="/Users/mihir/Documents/School/Interaction Design/front-end-development-mihirsamdarshi/src/components/NowPlaying.js">
        <metrics statements="3" coveredstatements="3" conditionals="0" coveredconditionals="0" methods="1" coveredmethods="1"/>
        <line num="6" count="3" type="stmt"/>
        <line num="7" count="2" type="stmt"/>
        <line num="14" count="2" type="stmt"/>
      </file>
      <file name="Playlists.js" path="/Users/mihir/Documents/School/Interaction Design/front-end-development-mihirsamdarshi/src/components/Playlists.js">
        <metrics statements="9" coveredstatements="8" conditionals="2" coveredconditionals="1" methods="4" coveredmethods="3"/>
        <line num="8" count="3" type="stmt"/>
        <line num="9" count="167" type="stmt"/>
        <line num="14" count="167" type="stmt"/>
        <line num="15" count="167" type="stmt"/>
        <line num="18" count="167" type="stmt"/>
        <line num="20" count="0" type="stmt"/>
        <line num="42" count="3" type="stmt"/>
        <line num="52" count="13" type="stmt"/>
        <line num="53" count="167" type="stmt"/>
      </file>
      <file name="SettingsButton.js" path="/Users/mihir/Documents/School/Interaction Design/front-end-development-mihirsamdarshi/src/components/SettingsButton.js">
        <metrics statements="9" coveredstatements="5" conditionals="0" coveredconditionals="0" methods="4" coveredmethods="1"/>
        <line num="13" count="2" type="stmt"/>
        <line num="19" count="2" type="stmt"/>
        <line num="20" count="0" type="stmt"/>
        <line num="26" count="2" type="stmt"/>
        <line num="27" count="0" type="stmt"/>
        <line num="33" count="2" type="stmt"/>
        <line num="34" count="0" type="stmt"/>
        <line num="35" count="0" type="stmt"/>
        <line num="42" count="2" type="stmt"/>
      </file>
      <file name="Songs.js" path="/Users/mihir/Documents/School/Interaction Design/front-end-development-mihirsamdarshi/src/components/Songs.js">
        <metrics statements="8" coveredstatements="7" conditionals="2" coveredconditionals="1" methods="4" coveredmethods="3"/>
        <line num="10" count="3" type="stmt"/>
        <line num="11" count="2" type="stmt"/>
        <line num="13" count="2" type="stmt"/>
        <line num="14" count="0" type="stmt"/>
        <line num="35" count="3" type="stmt"/>
        <line num="36" count="2" type="stmt"/>
        <line num="38" count="2" type="stmt"/>
        <line num="42" count="2" type="stmt"/>
      </file>
    </package>
    <package name="tests">
      <metrics statements="2" coveredstatements="2" conditionals="0" coveredconditionals="0" methods="0" coveredmethods="0"/>
      <file name="utils.js" path="/Users/mihir/Documents/School/Interaction Design/front-end-development-mihirsamdarshi/src/tests/utils.js">
        <metrics statements="2" coveredstatements="2" conditionals="0" coveredconditionals="0" methods="0" coveredmethods="0"/>
        <line num="1" count="3" type="stmt"/>
        <line num="29" count="3" type="stmt"/>
      </file>
    </package>
  </project>
</coverage>
