{"/Users/mihir/Documents/School/Interaction Design/front-end-development-mihirsamdarshi/src/components/MainAppBody.js": {"path":"/Users/mihir/Documents/School/Interaction Design/front-end-development-mihirsamdarshi/src/components/MainAppBody.js","statementMap":{"0":{"start":{"line":15,"column":20},"end":{"line":201,"column":1}},"1":{"start":{"line":16,"column":30},"end":{"line":16,"column":51}},"2":{"start":{"line":18,"column":29},"end":{"line":21,"column":5}},"3":{"start":{"line":23,"column":18},"end":{"line":23,"column":41}},"4":{"start":{"line":26,"column":46},"end":{"line":26,"column":60}},"5":{"start":{"line":28,"column":31},"end":{"line":30,"column":5}},"6":{"start":{"line":29,"column":8},"end":{"line":29,"column":38}},"7":{"start":{"line":32,"column":30},"end":{"line":34,"column":5}},"8":{"start":{"line":33,"column":8},"end":{"line":33,"column":36}},"9":{"start":{"line":36,"column":29},"end":{"line":38,"column":5}},"10":{"start":{"line":37,"column":8},"end":{"line":37,"column":37}},"11":{"start":{"line":40,"column":26},"end":{"line":42,"column":5}},"12":{"start":{"line":41,"column":8},"end":{"line":41,"column":31}},"13":{"start":{"line":44,"column":30},"end":{"line":75,"column":5}},"14":{"start":{"line":45,"column":8},"end":{"line":45,"column":45}},"15":{"start":{"line":46,"column":28},"end":{"line":46,"column":38}},"16":{"start":{"line":47,"column":23},"end":{"line":50,"column":10}},"17":{"start":{"line":49,"column":35},"end":{"line":49,"column":51}},"18":{"start":{"line":53,"column":8},"end":{"line":53,"column":97}},"19":{"start":{"line":53,"column":70},"end":{"line":53,"column":93}},"20":{"start":{"line":54,"column":8},"end":{"line":54,"column":97}},"21":{"start":{"line":54,"column":70},"end":{"line":54,"column":93}},"22":{"start":{"line":55,"column":8},"end":{"line":55,"column":90}},"23":{"start":{"line":55,"column":63},"end":{"line":55,"column":86}},"24":{"start":{"line":56,"column":8},"end":{"line":56,"column":91}},"25":{"start":{"line":56,"column":64},"end":{"line":56,"column":87}},"26":{"start":{"line":59,"column":8},"end":{"line":59,"column":80}},"27":{"start":{"line":59,"column":60},"end":{"line":59,"column":78}},"28":{"start":{"line":62,"column":8},"end":{"line":66,"column":11}},"29":{"start":{"line":63,"column":32},"end":{"line":63,"column":36}},"30":{"start":{"line":64,"column":12},"end":{"line":64,"column":59}},"31":{"start":{"line":65,"column":12},"end":{"line":65,"column":50}},"32":{"start":{"line":69,"column":8},"end":{"line":71,"column":11}},"33":{"start":{"line":70,"column":12},"end":{"line":70,"column":65}},"34":{"start":{"line":74,"column":8},"end":{"line":74,"column":25}},"35":{"start":{"line":79,"column":46},"end":{"line":79,"column":61}},"36":{"start":{"line":80,"column":38},"end":{"line":80,"column":53}},"37":{"start":{"line":81,"column":48},"end":{"line":81,"column":63}},"38":{"start":{"line":82,"column":44},"end":{"line":82,"column":56}},"39":{"start":{"line":83,"column":36},"end":{"line":83,"column":48}},"40":{"start":{"line":84,"column":42},"end":{"line":84,"column":54}},"41":{"start":{"line":85,"column":36},"end":{"line":85,"column":50}},"42":{"start":{"line":87,"column":25},"end":{"line":96,"column":5}},"43":{"start":{"line":88,"column":8},"end":{"line":88,"column":23}},"44":{"start":{"line":89,"column":8},"end":{"line":95,"column":9}},"45":{"start":{"line":90,"column":27},"end":{"line":90,"column":58}},"46":{"start":{"line":91,"column":12},"end":{"line":91,"column":42}},"47":{"start":{"line":92,"column":12},"end":{"line":92,"column":35}},"48":{"start":{"line":94,"column":12},"end":{"line":94,"column":57}},"49":{"start":{"line":98,"column":21},"end":{"line":107,"column":5}},"50":{"start":{"line":99,"column":8},"end":{"line":99,"column":23}},"51":{"start":{"line":100,"column":8},"end":{"line":106,"column":9}},"52":{"start":{"line":101,"column":27},"end":{"line":101,"column":65}},"53":{"start":{"line":102,"column":12},"end":{"line":102,"column":38}},"54":{"start":{"line":103,"column":12},"end":{"line":103,"column":31}},"55":{"start":{"line":105,"column":12},"end":{"line":105,"column":57}},"56":{"start":{"line":109,"column":26},"end":{"line":112,"column":5}},"57":{"start":{"line":110,"column":8},"end":{"line":110,"column":30}},"58":{"start":{"line":111,"column":8},"end":{"line":111,"column":32}},"59":{"start":{"line":115,"column":25},"end":{"line":121,"column":5}},"60":{"start":{"line":116,"column":8},"end":{"line":120,"column":14}},"61":{"start":{"line":123,"column":21},"end":{"line":129,"column":5}},"62":{"start":{"line":124,"column":8},"end":{"line":128,"column":14}},"63":{"start":{"line":131,"column":29},"end":{"line":135,"column":5}},"64":{"start":{"line":132,"column":8},"end":{"line":134,"column":39}},"65":{"start":{"line":137,"column":25},"end":{"line":141,"column":5}},"66":{"start":{"line":138,"column":8},"end":{"line":140,"column":16}},"67":{"start":{"line":143,"column":25},"end":{"line":149,"column":5}},"68":{"start":{"line":144,"column":8},"end":{"line":148,"column":16}},"69":{"start":{"line":151,"column":30},"end":{"line":155,"column":5}},"70":{"start":{"line":152,"column":8},"end":{"line":154,"column":14}},"71":{"start":{"line":158,"column":4},"end":{"line":163,"column":16}},"72":{"start":{"line":159,"column":8},"end":{"line":159,"column":28}},"73":{"start":{"line":160,"column":8},"end":{"line":162,"column":9}},"74":{"start":{"line":161,"column":12},"end":{"line":161,"column":37}},"75":{"start":{"line":166,"column":32},"end":{"line":170,"column":5}},"76":{"start":{"line":167,"column":8},"end":{"line":169,"column":9}},"77":{"start":{"line":168,"column":12},"end":{"line":168,"column":32}},"78":{"start":{"line":173,"column":26},"end":{"line":175,"column":5}},"79":{"start":{"line":177,"column":4},"end":{"line":200,"column":6}}},"fnMap":{"0":{"name":"(anonymous_0)","decl":{"start":{"line":15,"column":20},"end":{"line":15,"column":21}},"loc":{"start":{"line":15,"column":29},"end":{"line":201,"column":1}},"line":15},"1":{"name":"(anonymous_1)","decl":{"start":{"line":28,"column":31},"end":{"line":28,"column":32}},"loc":{"start":{"line":28,"column":37},"end":{"line":30,"column":5}},"line":28},"2":{"name":"(anonymous_2)","decl":{"start":{"line":32,"column":30},"end":{"line":32,"column":31}},"loc":{"start":{"line":32,"column":36},"end":{"line":34,"column":5}},"line":32},"3":{"name":"(anonymous_3)","decl":{"start":{"line":36,"column":29},"end":{"line":36,"column":30}},"loc":{"start":{"line":36,"column":35},"end":{"line":38,"column":5}},"line":36},"4":{"name":"(anonymous_4)","decl":{"start":{"line":40,"column":26},"end":{"line":40,"column":27}},"loc":{"start":{"line":40,"column":35},"end":{"line":42,"column":5}},"line":40},"5":{"name":"(anonymous_5)","decl":{"start":{"line":44,"column":30},"end":{"line":44,"column":31}},"loc":{"start":{"line":44,"column":41},"end":{"line":75,"column":5}},"line":44},"6":{"name":"(anonymous_6)","decl":{"start":{"line":49,"column":27},"end":{"line":49,"column":28}},"loc":{"start":{"line":49,"column":33},"end":{"line":49,"column":53}},"line":49},"7":{"name":"(anonymous_7)","decl":{"start":{"line":53,"column":51},"end":{"line":53,"column":52}},"loc":{"start":{"line":53,"column":68},"end":{"line":53,"column":95}},"line":53},"8":{"name":"(anonymous_8)","decl":{"start":{"line":54,"column":51},"end":{"line":54,"column":52}},"loc":{"start":{"line":54,"column":68},"end":{"line":54,"column":95}},"line":54},"9":{"name":"(anonymous_9)","decl":{"start":{"line":55,"column":44},"end":{"line":55,"column":45}},"loc":{"start":{"line":55,"column":61},"end":{"line":55,"column":88}},"line":55},"10":{"name":"(anonymous_10)","decl":{"start":{"line":56,"column":45},"end":{"line":56,"column":46}},"loc":{"start":{"line":56,"column":62},"end":{"line":56,"column":89}},"line":56},"11":{"name":"(anonymous_11)","decl":{"start":{"line":59,"column":51},"end":{"line":59,"column":52}},"loc":{"start":{"line":59,"column":60},"end":{"line":59,"column":78}},"line":59},"12":{"name":"(anonymous_12)","decl":{"start":{"line":62,"column":36},"end":{"line":62,"column":37}},"loc":{"start":{"line":62,"column":50},"end":{"line":66,"column":9}},"line":62},"13":{"name":"(anonymous_13)","decl":{"start":{"line":69,"column":40},"end":{"line":69,"column":41}},"loc":{"start":{"line":69,"column":59},"end":{"line":71,"column":9}},"line":69},"14":{"name":"(anonymous_14)","decl":{"start":{"line":87,"column":25},"end":{"line":87,"column":26}},"loc":{"start":{"line":87,"column":42},"end":{"line":96,"column":5}},"line":87},"15":{"name":"(anonymous_15)","decl":{"start":{"line":98,"column":21},"end":{"line":98,"column":22}},"loc":{"start":{"line":98,"column":44},"end":{"line":107,"column":5}},"line":98},"16":{"name":"(anonymous_16)","decl":{"start":{"line":109,"column":26},"end":{"line":109,"column":27}},"loc":{"start":{"line":109,"column":37},"end":{"line":112,"column":5}},"line":109},"17":{"name":"(anonymous_17)","decl":{"start":{"line":115,"column":25},"end":{"line":115,"column":26}},"loc":{"start":{"line":116,"column":8},"end":{"line":120,"column":14}},"line":116},"18":{"name":"(anonymous_18)","decl":{"start":{"line":123,"column":21},"end":{"line":123,"column":22}},"loc":{"start":{"line":124,"column":8},"end":{"line":128,"column":14}},"line":124},"19":{"name":"(anonymous_19)","decl":{"start":{"line":131,"column":29},"end":{"line":131,"column":30}},"loc":{"start":{"line":132,"column":8},"end":{"line":134,"column":39}},"line":132},"20":{"name":"(anonymous_20)","decl":{"start":{"line":137,"column":25},"end":{"line":137,"column":26}},"loc":{"start":{"line":138,"column":8},"end":{"line":140,"column":16}},"line":138},"21":{"name":"(anonymous_21)","decl":{"start":{"line":143,"column":25},"end":{"line":143,"column":26}},"loc":{"start":{"line":144,"column":8},"end":{"line":148,"column":16}},"line":144},"22":{"name":"(anonymous_22)","decl":{"start":{"line":151,"column":30},"end":{"line":151,"column":31}},"loc":{"start":{"line":152,"column":8},"end":{"line":154,"column":14}},"line":152},"23":{"name":"(anonymous_23)","decl":{"start":{"line":158,"column":14},"end":{"line":158,"column":15}},"loc":{"start":{"line":158,"column":20},"end":{"line":163,"column":5}},"line":158},"24":{"name":"(anonymous_24)","decl":{"start":{"line":160,"column":41},"end":{"line":160,"column":42}},"loc":{"start":{"line":160,"column":47},"end":{"line":162,"column":9}},"line":160},"25":{"name":"(anonymous_25)","decl":{"start":{"line":166,"column":32},"end":{"line":166,"column":33}},"loc":{"start":{"line":166,"column":38},"end":{"line":170,"column":5}},"line":166}},"branchMap":{"0":{"loc":{"start":{"line":167,"column":8},"end":{"line":169,"column":9}},"type":"if","locations":[{"start":{"line":167,"column":8},"end":{"line":169,"column":9}},{"start":{"line":167,"column":8},"end":{"line":169,"column":9}}],"line":167},"1":{"loc":{"start":{"line":167,"column":12},"end":{"line":167,"column":40}},"type":"binary-expr","locations":[{"start":{"line":167,"column":12},"end":{"line":167,"column":21}},{"start":{"line":167,"column":25},"end":{"line":167,"column":40}}],"line":167},"2":{"loc":{"start":{"line":188,"column":25},"end":{"line":188,"column":92}},"type":"cond-expr","locations":[{"start":{"line":188,"column":57},"end":{"line":188,"column":75}},{"start":{"line":188,"column":78},"end":{"line":188,"column":92}}],"line":188},"3":{"loc":{"start":{"line":188,"column":25},"end":{"line":188,"column":54}},"type":"binary-expr","locations":[{"start":{"line":188,"column":25},"end":{"line":188,"column":38}},{"start":{"line":188,"column":42},"end":{"line":188,"column":54}}],"line":188},"4":{"loc":{"start":{"line":192,"column":21},"end":{"line":192,"column":64}},"type":"cond-expr","locations":[{"start":{"line":192,"column":33},"end":{"line":192,"column":47}},{"start":{"line":192,"column":50},"end":{"line":192,"column":64}}],"line":192},"5":{"loc":{"start":{"line":195,"column":21},"end":{"line":195,"column":64}},"type":"cond-expr","locations":[{"start":{"line":195,"column":38},"end":{"line":195,"column":57}},{"start":{"line":195,"column":60},"end":{"line":195,"column":64}}],"line":195},"6":{"loc":{"start":{"line":196,"column":21},"end":{"line":196,"column":69}},"type":"cond-expr","locations":[{"start":{"line":196,"column":52},"end":{"line":196,"column":62}},{"start":{"line":196,"column":65},"end":{"line":196,"column":69}}],"line":196},"7":{"loc":{"start":{"line":196,"column":21},"end":{"line":196,"column":49}},"type":"binary-expr","locations":[{"start":{"line":196,"column":21},"end":{"line":196,"column":36}},{"start":{"line":196,"column":40},"end":{"line":196,"column":49}}],"line":196}},"s":{"0":2,"1":6,"2":6,"3":6,"4":6,"5":6,"6":1,"7":6,"8":0,"9":6,"10":0,"11":6,"12":0,"13":6,"14":0,"15":0,"16":0,"17":0,"18":0,"19":0,"20":0,"21":0,"22":0,"23":0,"24":0,"25":0,"26":0,"27":0,"28":0,"29":0,"30":0,"31":0,"32":0,"33":0,"34":0,"35":6,"36":6,"37":6,"38":6,"39":6,"40":6,"41":6,"42":6,"43":2,"44":2,"45":2,"46":2,"47":2,"48":0,"49":6,"50":0,"51":0,"52":0,"53":0,"54":0,"55":0,"56":6,"57":0,"58":0,"59":6,"60":6,"61":6,"62":0,"63":6,"64":2,"65":6,"66":4,"67":6,"68":0,"69":6,"70":0,"71":6,"72":2,"73":2,"74":0,"75":6,"76":0,"77":0,"78":6,"79":6},"f":{"0":6,"1":1,"2":0,"3":0,"4":0,"5":0,"6":0,"7":0,"8":0,"9":0,"10":0,"11":0,"12":0,"13":0,"14":2,"15":0,"16":0,"17":6,"18":0,"19":2,"20":4,"21":0,"22":0,"23":2,"24":0,"25":0},"b":{"0":[0,0],"1":[0,0],"2":[2,4],"3":[6,2],"4":[0,6],"5":[0,6],"6":[0,6],"7":[6,6]},"_coverageSchema":"43e27e138ebf9cfc5966b082cf9a028302ed4184","hash":"9fce487b9e00ec04a051ed062a0910fb4db92d64"}
}
