{"/Users/mihir/Documents/School/Interaction Design/Assignments/front-end-development-mihirsamdarshi/src/App.js": {"path":"/Users/mihir/Documents/School/Interaction Design/Assignments/front-end-development-mihirsamdarshi/src/App.js","statementMap":{"0":{"start":{"line":16,"column":8},"end":{"line":16,"column":44}},"1":{"start":{"line":22,"column":8},"end":{"line":27,"column":10}}},"fnMap":{"0":{"name":"(anonymous_0)","decl":{"start":{"line":15,"column":4},"end":{"line":15,"column":5}},"loc":{"start":{"line":15,"column":24},"end":{"line":17,"column":5}},"line":15},"1":{"name":"(anonymous_1)","decl":{"start":{"line":21,"column":4},"end":{"line":21,"column":5}},"loc":{"start":{"line":21,"column":13},"end":{"line":28,"column":5}},"line":21}},"branchMap":{},"s":{"0":0,"1":0},"f":{"0":0,"1":0},"b":{},"hash":"c729d89a1b9bc3d8f52ff83cfbe8ba442bd62709"}
,"/Users/mihir/Documents/School/Interaction Design/Assignments/front-end-development-mihirsamdarshi/src/AppHeader.js": {"path":"/Users/mihir/Documents/School/Interaction Design/Assignments/front-end-development-mihirsamdarshi/src/AppHeader.js","statementMap":{"0":{"start":{"line":7,"column":8},"end":{"line":11,"column":10}}},"fnMap":{"0":{"name":"(anonymous_0)","decl":{"start":{"line":6,"column":4},"end":{"line":6,"column":5}},"loc":{"start":{"line":6,"column":13},"end":{"line":12,"column":5}},"line":6}},"branchMap":{},"s":{"0":0},"f":{"0":0},"b":{},"hash":"61e879ddbd5b2aad648840c905b097855fa032b2"}
,"/Users/mihir/Documents/School/Interaction Design/Assignments/front-end-development-mihirsamdarshi/src/GiphyImage.js": {"path":"/Users/mihir/Documents/School/Interaction Design/Assignments/front-end-development-mihirsamdarshi/src/GiphyImage.js","statementMap":{"0":{"start":{"line":7,"column":26},"end":{"line":7,"column":36}},"1":{"start":{"line":8,"column":8},"end":{"line":12,"column":10}}},"fnMap":{"0":{"name":"(anonymous_0)","decl":{"start":{"line":6,"column":4},"end":{"line":6,"column":5}},"loc":{"start":{"line":6,"column":13},"end":{"line":13,"column":5}},"line":6}},"branchMap":{},"s":{"0":0,"1":0},"f":{"0":0},"b":{},"hash":"32967cd94d3511055a53a7096af485581f381254"}
,"/Users/mihir/Documents/School/Interaction Design/Assignments/front-end-development-mihirsamdarshi/src/SearchForm.js": {"path":"/Users/mihir/Documents/School/Interaction Design/Assignments/front-end-development-mihirsamdarshi/src/SearchForm.js","statementMap":{"0":{"start":{"line":11,"column":8},"end":{"line":11,"column":21}},"1":{"start":{"line":13,"column":8},"end":{"line":17,"column":10}},"2":{"start":{"line":20,"column":17},"end":{"line":22,"column":4}},"3":{"start":{"line":20,"column":28},"end":{"line":22,"column":4}},"4":{"start":{"line":24,"column":17},"end":{"line":39,"column":3}},"5":{"start":{"line":25,"column":6},"end":{"line":25,"column":29}},"6":{"start":{"line":27,"column":6},"end":{"line":29,"column":9}},"7":{"start":{"line":31,"column":6},"end":{"line":38,"column":10}},"8":{"start":{"line":34,"column":26},"end":{"line":36,"column":8}},"9":{"start":{"line":36,"column":22},"end":{"line":38,"column":8}},"10":{"start":{"line":42,"column":6},"end":{"line":60,"column":8}}},"fnMap":{"0":{"name":"(anonymous_0)","decl":{"start":{"line":10,"column":4},"end":{"line":10,"column":5}},"loc":{"start":{"line":10,"column":23},"end":{"line":18,"column":5}},"line":10},"1":{"name":"(anonymous_1)","decl":{"start":{"line":20,"column":17},"end":{"line":20,"column":18}},"loc":{"start":{"line":20,"column":28},"end":{"line":22,"column":4}},"line":20},"2":{"name":"(anonymous_2)","decl":{"start":{"line":24,"column":17},"end":{"line":24,"column":18}},"loc":{"start":{"line":24,"column":28},"end":{"line":39,"column":3}},"line":24},"3":{"name":"(anonymous_3)","decl":{"start":{"line":34,"column":14},"end":{"line":34,"column":15}},"loc":{"start":{"line":34,"column":26},"end":{"line":36,"column":8}},"line":34},"4":{"name":"(anonymous_4)","decl":{"start":{"line":36,"column":16},"end":{"line":36,"column":17}},"loc":{"start":{"line":36,"column":22},"end":{"line":38,"column":8}},"line":36},"5":{"name":"(anonymous_5)","decl":{"start":{"line":41,"column":2},"end":{"line":41,"column":3}},"loc":{"start":{"line":41,"column":11},"end":{"line":61,"column":3}},"line":41}},"branchMap":{"0":{"loc":{"start":{"line":52,"column":15},"end":{"line":56,"column":15}},"type":"binary-expr","locations":[{"start":{"line":52,"column":15},"end":{"line":52,"column":31}},{"start":{"line":53,"column":18},"end":{"line":55,"column":24}}],"line":52}},"s":{"0":0,"1":0,"2":0,"3":0,"4":0,"5":0,"6":0,"7":0,"8":0,"9":0,"10":0},"f":{"0":0,"1":0,"2":0,"3":0,"4":0,"5":0},"b":{"0":[0,0]},"hash":"7976d2ad8147170402be599130ec96c59a98a6f7"}
,"/Users/mihir/Documents/School/Interaction Design/Assignments/front-end-development-mihirsamdarshi/src/SearchResults.js": {"path":"/Users/mihir/Documents/School/Interaction Design/Assignments/front-end-development-mihirsamdarshi/src/SearchResults.js","statementMap":{"0":{"start":{"line":9,"column":8},"end":{"line":13,"column":10}},"1":{"start":{"line":11,"column":51},"end":{"line":11,"column":94}}},"fnMap":{"0":{"name":"(anonymous_0)","decl":{"start":{"line":8,"column":4},"end":{"line":8,"column":5}},"loc":{"start":{"line":8,"column":13},"end":{"line":14,"column":5}},"line":8},"1":{"name":"(anonymous_1)","decl":{"start":{"line":11,"column":40},"end":{"line":11,"column":41}},"loc":{"start":{"line":11,"column":51},"end":{"line":11,"column":94}},"line":11}},"branchMap":{},"s":{"0":0,"1":0},"f":{"0":0,"1":0},"b":{},"hash":"e392ad61759198caaaebb43cb79a05efbe2d6ada"}
,"/Users/mihir/Documents/School/Interaction Design/Assignments/front-end-development-mihirsamdarshi/src/api.js": {"path":"/Users/mihir/Documents/School/Interaction Design/Assignments/front-end-development-mihirsamdarshi/src/api.js","statementMap":{"0":{"start":{"line":1,"column":16},"end":{"line":1,"column":25}},"1":{"start":{"line":3,"column":19},"end":{"line":33,"column":2}},"2":{"start":{"line":3,"column":25},"end":{"line":33,"column":2}}},"fnMap":{"0":{"name":"(anonymous_0)","decl":{"start":{"line":1,"column":16},"end":{"line":1,"column":17}},"loc":{"start":{"line":1,"column":22},"end":{"line":1,"column":25}},"line":1},"1":{"name":"(anonymous_1)","decl":{"start":{"line":3,"column":19},"end":{"line":3,"column":20}},"loc":{"start":{"line":3,"column":25},"end":{"line":33,"column":2}},"line":3}},"branchMap":{},"s":{"0":0,"1":0,"2":0},"f":{"0":0,"1":0},"b":{},"hash":"66bf7d8b010fd7a72c5e7f0cbf2fc3c171b44132"}
}
