TN:
SF:/Users/mihir/Documents/School/Interaction Design/Assignments/front-end-development-mihirsamdarshi/src/SearchForm.jsx
FN:10,(anonymous_0)
FN:20,(anonymous_1)
FN:24,(anonymous_2)
FN:33,(anonymous_3)
FN:34,(anonymous_4)
FN:37,(anonymous_5)
FNF:6
FNH:2
FNDA:1,(anonymous_0)
FNDA:0,(anonymous_1)
FNDA:0,(anonymous_2)
FNDA:0,(anonymous_3)
FNDA:0,(anonymous_4)
FNDA:1,(anonymous_5)
DA:11,1
DA:13,1
DA:20,1
DA:24,1
DA:25,0
DA:27,0
DA:29,0
DA:33,0
DA:34,0
DA:38,1
LF:10
LH:5
BRDA:57,0,0,1
BRDA:57,0,1,0
BRF:2
BRH:1
end_of_record
