TN:
SF:/Users/mihir/Documents/School/Interaction Design/front-end-development-mihirsamdarshi/src/components/App.js
FN:11,(anonymous_0)
FN:14,(anonymous_1)
FNF:2
FNH:2
FNDA:5,(anonymous_0)
FNDA:3,(anonymous_1)
DA:11,1
DA:12,5
DA:14,5
DA:15,3
DA:16,3
DA:17,1
DA:21,5
LF:7
LH:7
BRDA:16,0,0,1
BRDA:16,0,1,2
BRDA:24,1,0,4
BRDA:24,1,1,1
BRF:4
BRH:4
end_of_record
TN:
SF:/Users/mihir/Documents/School/Interaction Design/front-end-development-mihirsamdarshi/src/components/AppHeader.js
FN:7,(anonymous_0)
FNF:1
FNH:1
FNDA:7,(anonymous_0)
DA:7,2
DA:8,7
DA:12,7
LF:3
LH:3
BRF:0
BRH:0
end_of_record
TN:
SF:/Users/mihir/Documents/School/Interaction Design/front-end-development-mihirsamdarshi/src/components/Hero.js
FN:15,(anonymous_0)
FNF:1
FNH:1
FNDA:10,(anonymous_0)
DA:4,2
DA:5,2
DA:6,2
DA:7,2
DA:15,2
DA:16,10
LF:6
LH:6
BRF:0
BRH:0
end_of_record
TN:
SF:/Users/mihir/Documents/School/Interaction Design/front-end-development-mihirsamdarshi/src/components/MainAppBody.js
FN:16,(anonymous_0)
FN:29,(anonymous_1)
FN:33,(anonymous_2)
FN:37,(anonymous_3)
FN:41,(anonymous_4)
FN:46,(anonymous_5)
FN:51,(anonymous_6)
FN:55,(anonymous_7)
FN:56,(anonymous_8)
FN:57,(anonymous_9)
FN:58,(anonymous_10)
FN:61,(anonymous_11)
FN:64,(anonymous_12)
FN:71,(anonymous_13)
FN:89,(anonymous_14)
FN:100,(anonymous_15)
FN:111,(anonymous_16)
FN:119,(anonymous_17)
FN:127,(anonymous_18)
FN:135,(anonymous_19)
FN:143,(anonymous_20)
FN:151,(anonymous_21)
FN:158,(anonymous_22)
FN:162,(anonymous_23)
FN:163,(anonymous_24)
FN:169,(anonymous_25)
FNF:26
FNH:10
FNDA:23,(anonymous_0)
FNDA:2,(anonymous_1)
FNDA:0,(anonymous_2)
FNDA:0,(anonymous_3)
FNDA:0,(anonymous_4)
FNDA:0,(anonymous_5)
FNDA:0,(anonymous_6)
FNDA:0,(anonymous_7)
FNDA:0,(anonymous_8)
FNDA:0,(anonymous_9)
FNDA:0,(anonymous_10)
FNDA:0,(anonymous_11)
FNDA:0,(anonymous_12)
FNDA:0,(anonymous_13)
FNDA:7,(anonymous_14)
FNDA:1,(anonymous_15)
FNDA:0,(anonymous_16)
FNDA:22,(anonymous_17)
FNDA:1,(anonymous_18)
FNDA:9,(anonymous_19)
FNDA:1,(anonymous_20)
FNDA:0,(anonymous_21)
FNDA:7,(anonymous_22)
FNDA:7,(anonymous_23)
FNDA:0,(anonymous_24)
FNDA:0,(anonymous_25)
DA:16,2
DA:17,23
DA:19,23
DA:24,23
DA:27,23
DA:29,23
DA:30,2
DA:33,23
DA:34,0
DA:37,23
DA:38,0
DA:41,23
DA:42,0
DA:43,0
DA:46,23
DA:47,0
DA:48,0
DA:49,0
DA:51,0
DA:55,0
DA:56,0
DA:57,0
DA:58,0
DA:61,0
DA:64,0
DA:65,0
DA:66,0
DA:67,0
DA:71,0
DA:72,0
DA:76,0
DA:81,23
DA:82,23
DA:83,23
DA:84,23
DA:85,23
DA:86,23
DA:87,23
DA:89,23
DA:90,7
DA:91,7
DA:92,7
DA:93,7
DA:94,7
DA:96,0
DA:100,23
DA:101,1
DA:102,1
DA:103,1
DA:104,1
DA:105,1
DA:107,0
DA:111,23
DA:112,0
DA:114,0
DA:115,0
DA:119,23
DA:120,22
DA:127,23
DA:128,1
DA:135,23
DA:136,9
DA:143,23
DA:144,1
DA:151,23
DA:152,0
DA:158,23
DA:159,7
DA:162,23
DA:163,7
DA:164,0
DA:169,23
DA:170,0
DA:171,0
DA:176,23
DA:180,23
LF:76
LH:47
BRDA:170,0,0,0
BRDA:170,0,1,0
BRDA:170,1,0,0
BRDA:170,1,1,0
BRDA:191,2,0,9
BRDA:191,2,1,14
BRDA:191,3,0,23
BRDA:191,3,1,9
BRDA:195,4,0,1
BRDA:195,4,1,22
BRDA:198,5,0,0
BRDA:198,5,1,23
BRDA:199,6,0,1
BRDA:199,6,1,22
BRDA:199,7,0,23
BRDA:199,7,1,23
BRF:16
BRH:11
end_of_record
TN:
SF:/Users/mihir/Documents/School/Interaction Design/front-end-development-mihirsamdarshi/src/components/NowPlaying.js
FN:6,(anonymous_0)
FNF:1
FNH:1
FNDA:2,(anonymous_0)
DA:6,3
DA:7,2
DA:14,2
LF:3
LH:3
BRF:0
BRH:0
end_of_record
TN:
SF:/Users/mihir/Documents/School/Interaction Design/front-end-development-mihirsamdarshi/src/components/Playlists.js
FN:8,(anonymous_0)
FN:20,(anonymous_1)
FN:42,(anonymous_2)
FN:52,(anonymous_3)
FNF:4
FNH:4
FNDA:137,(anonymous_0)
FNDA:1,(anonymous_1)
FNDA:11,(anonymous_2)
FNDA:137,(anonymous_3)
DA:8,3
DA:9,137
DA:14,137
DA:15,137
DA:18,137
DA:20,1
DA:42,3
DA:52,11
DA:53,137
LF:9
LH:9
BRDA:33,0,0,137
BRDA:33,0,1,0
BRF:2
BRH:1
end_of_record
TN:
SF:/Users/mihir/Documents/School/Interaction Design/front-end-development-mihirsamdarshi/src/components/SettingsButton.js
FN:12,SettingsButton
FN:19,(anonymous_1)
FN:26,(anonymous_2)
FN:33,(anonymous_3)
FNF:4
FNH:1
FNDA:2,SettingsButton
FNDA:0,(anonymous_1)
FNDA:0,(anonymous_2)
FNDA:0,(anonymous_3)
DA:13,2
DA:19,2
DA:20,0
DA:26,2
DA:27,0
DA:33,2
DA:34,0
DA:35,0
DA:42,2
LF:9
LH:5
BRF:0
BRH:0
end_of_record
TN:
SF:/Users/mihir/Documents/School/Interaction Design/front-end-development-mihirsamdarshi/src/components/Songs.js
FN:10,(anonymous_0)
FN:14,(anonymous_1)
FN:35,(anonymous_2)
FN:36,(anonymous_3)
FN:37,(anonymous_4)
FN:40,(anonymous_5)
FN:42,(anonymous_6)
FN:55,(anonymous_7)
FNF:8
FNH:5
FNDA:35,(anonymous_0)
FNDA:0,(anonymous_1)
FNDA:3,(anonymous_2)
FNDA:0,(anonymous_3)
FNDA:0,(anonymous_4)
FNDA:3,(anonymous_5)
FNDA:35,(anonymous_6)
FNDA:35,(anonymous_7)
DA:10,3
DA:11,35
DA:13,35
DA:14,0
DA:35,3
DA:36,3
DA:37,0
DA:40,3
DA:41,3
DA:42,3
DA:43,35
DA:44,35
DA:47,3
DA:50,3
DA:52,3
DA:56,35
LF:16
LH:14
BRDA:19,0,0,35
BRDA:19,0,1,0
BRDA:43,1,0,35
BRDA:43,1,1,0
BRF:4
BRH:2
end_of_record
TN:
SF:/Users/mihir/Documents/School/Interaction Design/front-end-development-mihirsamdarshi/src/tests/utils.js
FNF:0
FNH:0
DA:1,2
DA:29,2
LF:2
LH:2
BRF:0
BRH:0
end_of_record
